
 Ansys Mechanical Enterprise Academic Student      


 *------------------------------------------------------------------*
 |                                                                  |
 |   W E L C O M E   T O   T H E   A N S Y S (R)  P R O G R A M     |
 |                                                                  |
 *------------------------------------------------------------------*




 ***************************************************************
 *         ANSYS MAPDL 2024 R2          LEGAL NOTICES          *
 ***************************************************************
 *                                                             *
 * Copyright 1971-2024 Ansys, Inc.  All rights reserved.       *
 * Unauthorized use, distribution or duplication is            *
 * prohibited.                                                 *
 *                                                             *
 * Ansys is a registered trademark of Ansys, Inc. or its       *
 * subsidiaries in the United States or other countries.       *
 * See the Ansys, Inc. online documentation or the Ansys, Inc. *
 * documentation CD or online help for the complete Legal      *
 * Notice.                                                     *
 *                                                             *
 ***************************************************************
 *                                                             *
 * THIS ANSYS SOFTWARE PRODUCT AND PROGRAM DOCUMENTATION       *
 * INCLUDE TRADE SECRETS AND CONFIDENTIAL AND PROPRIETARY      *
 * PRODUCTS OF ANSYS, INC., ITS SUBSIDIARIES, OR LICENSORS.    *
 * The software products and documentation are furnished by    *
 * Ansys, Inc. or its subsidiaries under a software license    *
 * agreement that contains provisions concerning               *
 * non-disclosure, copying, length and nature of use,          *
 * compliance with exporting laws, warranties, disclaimers,    *
 * limitations of liability, and remedies, and other           *
 * provisions.  The software products and documentation may be *
 * used, disclosed, transferred, or copied only in accordance  *
 * with the terms and conditions of that software license      *
 * agreement.                                                  *
 *                                                             *
 * Ansys, Inc. is a UL registered                              *
 * ISO 9001:2015 company.                                      *
 *                                                             *
 ***************************************************************
 *                                                             *
 * This product is subject to U.S. laws governing export and   *
 * re-export.                                                  *
 *                                                             *
 * For U.S. Government users, except as specifically granted   *
 * by the Ansys, Inc. software license agreement, the use,     *
 * duplication, or disclosure by the United States Government  *
 * is subject to restrictions stated in the Ansys, Inc.        *
 * software license agreement and FAR 12.212 (for non-DOD      *
 * licenses).                                                  *
 *                                                             *
 ***************************************************************

 2024 R2 
     
 Point Releases and Patches installed:   
     
 Ansys Service Pack 2024 R2.1997398297   
 Discovery 2024 R2.1997398297
 Core WB Files 2024 R2.1997398297
 Ansys Dynamic Reporting 2024 R2.1997398297  
 SpaceClaim 2024 R2.1997398297   
 CFX (includes CFD-Post) 2024 R2.1997398297  
 Chemkin 2024 R2.1997398297  
 EnSight 2024 R2.1997398297  
 FENSAP-ICE 2024 R2.1997398297   
 Fluent (includes CFD-Post) 2024 R2.1997398297   
 Polyflow (includes CFD-Post) 2024 R2.1997398297 
 Forte (includes EnSight) 2024 R2.1997398297 
 TurboGrid 2024 R2.1997398297
 ACIS Geometry Interface 2024 R2.1997398297  
 AutoCAD Geometry Interface 2024 R2.1997398297   
 Catia, Version 4 Geometry Interface 2024 R2.1997398297  
 Catia, Version 5 Geometry Interface 2024 R2.1997398297  
 Catia, Version 6 Geometry Interface 2024 R2.1997398297  
 Creo Elements/Direct Modeling Geometry Interface 2024 R2.1997398297 
 Creo Parametric Geometry Interface 2024 R2.1997398297   
 Inventor Geometry Interface 2024 R2.1997398297  
 JTOpen Geometry Interface 2024 R2.1997398297
 NX Geometry Interface 2024 R2.1997398297
 Parasolid Geometry Interface  2024 R2.1997398297
 Solid Edge Geometry Interface 2024 R2.1997398297
 SOLIDWORKS Geometry Interface 2024 R2.1997398297
 Speos 2024 R2.1997398297
 Aqwa 2024 R2.1997398297 
 Autodyn 2024 R2.1997398297  
 Material Calibration App 2024 R2.1997398297 
 Customization Files for User Programmable Features 2024 R2.1997398297   
 Mechanical Products 2024 R2.1997398297  
 Motion 2024 R2.1997398297   
 Academic Student 2024 R2.1997398297 


          *****  MAPDL COMMAND LINE ARGUMENTS  *****
  BATCH MODE REQUESTED (-b)    = NOLIST
  INPUT FILE COPY MODE (-c)    = COPY
  DISTRIBUTED MEMORY PARALLEL REQUESTED
       4 PARALLEL PROCESSES REQUESTED WITH SINGLE THREAD PER PROCESS
    TOTAL OF     4 CORES REQUESTED
  INPUT FILE NAME              = C:\Users\Aditya\AppData\Local\Temp\WB_Aditya_20184_3\_ProjectScratch\Scr18D5\dummy.dat
  OUTPUT FILE NAME             = C:\Users\Aditya\AppData\Local\Temp\WB_Aditya_20184_3\_ProjectScratch\Scr18D5\solve.out
  START-UP FILE MODE           = NOREAD
  STOP FILE MODE               = NOREAD

 RELEASE= 2024 R2              BUILD= 24.2      UP20240513   VERSION=WINDOWS x64 
 CURRENT JOBNAME=file0  19:01:35  AUG 26, 2024 CP=      0.109


 PARAMETER _DS_PROGRESS =     999.0000000    

 /INPUT FILE= ds.dat  LINE=       0



 *** NOTE ***                            CP =       0.438   TIME= 19:01:35
 The /CONFIG,NOELDB command is not valid in a distributed memory         
 parallel solution.  Command is ignored.                                 

 *GET  _WALLSTRT  FROM  ACTI  ITEM=TIME WALL  VALUE=  19.0263889    

 TITLE= 
 wbnew--Static Structural (A5)                                                 

  ACT Extensions:
      LSDYNA, 2024.2
      5f463412-bd3e-484b-87e7-cbc0a665e474, wbex
 /COM,     ANSYSMotion, 2024.2
      20180725-3f81-49eb-9f31-41364844c769, wbex
  

 SET PARAMETER DIMENSIONS ON  _WB_PROJECTSCRATCH_DIR
  TYPE=STRI  DIMENSIONS=      248        1        1

 PARAMETER _WB_PROJECTSCRATCH_DIR(1) = C:\Users\Aditya\AppData\Local\Temp\WB_Aditya_20184_3\_ProjectScratch\Scr18D5\

 SET PARAMETER DIMENSIONS ON  _WB_SOLVERFILES_DIR
  TYPE=STRI  DIMENSIONS=      248        1        1

 PARAMETER _WB_SOLVERFILES_DIR(1) = C:\Users\Aditya\AppData\Local\Temp\WB_Aditya_20184_3\wbnew_files\dp0\SYS\MECH\

 SET PARAMETER DIMENSIONS ON  _WB_USERFILES_DIR
  TYPE=STRI  DIMENSIONS=      248        1        1

 PARAMETER _WB_USERFILES_DIR(1) = C:\Users\Aditya\AppData\Local\Temp\WB_Aditya_20184_3\wbnew_files\user_files\
 --- Data in consistent NMM units. See Solving Units in the help system for more

 MPA UNITS SPECIFIED FOR INTERNAL    
  LENGTH      = MILLIMETERS (mm)
  MASS        = TONNE (Mg)
  TIME        = SECONDS (sec)
  TEMPERATURE = CELSIUS (C)
  TOFFSET     = 273.0
  FORCE       = NEWTON (N)
  HEAT        = MILLIJOULES (mJ)

 INPUT  UNITS ARE ALSO SET TO MPA 

 *** MAPDL - ENGINEERING ANALYSIS SYSTEM  RELEASE 2024 R2          24.2     ***
 Ansys Mechanical Enterprise Academic Student      
 01055371  VERSION=WINDOWS x64   19:01:35  AUG 26, 2024 CP=      0.453

 wbnew--Static Structural (A5)                                                 



          ***** MAPDL ANALYSIS DEFINITION (PREP7) *****
 *********** Nodes for the whole assembly ***********
 *********** Elements for Body 1 'Beam(2)(2)_1\Beam' ***********
 *********** Elements for Body 2 'Support(2)(2)_1\Support' ***********
 *********** Elements for Body 3 'Support(2)(2)_1\Support.2' ***********
 *********** Elements for Body 4 'Load\Load' ***********
 *********** Send User Defined Coordinate System(s) ***********
 *********** Set Reference Temperature ***********
 *********** Send Materials ***********
 *********** Create Contact "Contact Region" ***********
             Real Constant Set For Above Contact Is 6 & 5
 *********** Create Contact "Contact Region 2" ***********
             Real Constant Set For Above Contact Is 8 & 7
 *********** Create Contact "Contact Region 3" ***********
             Real Constant Set For Above Contact Is 10 & 9
 ******* Constant Zero Displacement X *******
 ******* Constant Zero Displacement Y *******
 ******* Constant Zero Displacement Z *******
 *********** Create Displacement Tables and Functions ******


 ***** ROUTINE COMPLETED *****  CP =         0.531


 --- Number of total nodes = 9205
 --- Number of contact elements = 3150
 --- Number of spring elements = 0
 --- Number of bearing elements = 0
 --- Number of solid elements = 1582
 --- Number of condensed parts = 0
 --- Number of total elements = 4732

 *GET  _WALLBSOL  FROM  ACTI  ITEM=TIME WALL  VALUE=  19.0263889    
 ****************************************************************************
 *************************    SOLUTION       ********************************
 ****************************************************************************

 *****  MAPDL SOLUTION ROUTINE  *****


 PERFORM A STATIC ANALYSIS
  THIS WILL BE A NEW ANALYSIS

 PARAMETER _THICKRATIO =    0.7500000000    

 USE PRECONDITIONED CONJUGATE GRADIENT SOLVER
  CONVERGENCE TOLERANCE = 1.00000E-08
  MAXIMUM ITERATION     = NumNode*DofPerNode*  1.0000    

 CONTACT INFORMATION PRINTOUT LEVEL       1

 CHECK INITIAL OPEN/CLOSED STATUS OF SELECTED CONTACT ELEMENTS
      AND LIST DETAILED CONTACT PAIR INFORMATION

 SPLIT CONTACT SURFACES AT SOLVE PHASE

    NUMBER OF SPLITTING TBD BY PROGRAM

 DO NOT COMBINE ELEMENT MATRIX FILES (.emat) AFTER DISTRIBUTED PARALLEL SOLUTION

 DO NOT COMBINE ELEMENT SAVE DATA FILES (.esav) AFTER DISTRIBUTED PARALLEL SOLUTION

 NLDIAG: Nonlinear diagnostics CONT option is set to ON. 
         Writing frequency : each ITERATION.

 DEFINE RESTART CONTROL FOR LOADSTEP LAST
 AT FREQUENCY OF LAST AND NUMBER FOR OVERWRITE IS   -1

 DELETE RESTART FILES OF ENDSTEP
 ****************************************************
 ******************* SOLVE FOR LS 1 OF 2 ****************
 *** Set Displacements ***
 CMBLOCK read of NODE component _CM61UY_YP  completed

 SELECT      COMPONENT _CM61UY_YP                                                                                                                                                                                                                                                      

 SPECIFIED CONSTRAINT UY   FOR SELECTED NODES            1 TO        9205 BY           1
 SET ACCORDING TO TABLE PARAMETER = _LOADVARI61YP

 ALL SELECT   FOR ITEM=NODE COMPONENT=    
  IN RANGE         1 TO       9205 STEP          1

       9205  NODES (OF       9205  DEFINED) SELECTED BY NSEL  COMMAND.
 *** Component For All Non-Zero UY Displacements ***

 SELECT      COMPONENT _CM61UY_YP                                                                                                                                                                                                                                                      

 DEFINITION OF COMPONENT = _DISPNONZEROUY  ENTITY=NODE

 ALL SELECT   FOR ITEM=NODE COMPONENT=    
  IN RANGE         1 TO       9205 STEP          1

       9205  NODES (OF       9205  DEFINED) SELECTED BY NSEL  COMMAND.

 PRINTOUT RESUMED BY /GOP

 USE AUTOMATIC TIME STEPPING THIS LOAD STEP

 USE      50 SUBSTEPS INITIALLY THIS LOAD STEP FOR ALL  DEGREES OF FREEDOM
 FOR AUTOMATIC TIME STEPPING:
   USE    100 SUBSTEPS AS A MAXIMUM
   USE     10 SUBSTEPS AS A MINIMUM

 TIME=  1.0000    

 ERASE THE CURRENT DATABASE OUTPUT CONTROL TABLE.


 WRITE ALL  ITEMS TO THE DATABASE WITH A FREQUENCY OF NONE
   FOR ALL APPLICABLE ENTITIES

 WRITE NSOL ITEMS TO THE DATABASE WITH A FREQUENCY OF ALL 
   FOR ALL APPLICABLE ENTITIES

 WRITE RSOL ITEMS TO THE DATABASE WITH A FREQUENCY OF ALL 
   FOR ALL APPLICABLE ENTITIES

 WRITE EANG ITEMS TO THE DATABASE WITH A FREQUENCY OF ALL 
   FOR ALL APPLICABLE ENTITIES

 WRITE ETMP ITEMS TO THE DATABASE WITH A FREQUENCY OF ALL 
   FOR ALL APPLICABLE ENTITIES

 WRITE VENG ITEMS TO THE DATABASE WITH A FREQUENCY OF ALL 
   FOR ALL APPLICABLE ENTITIES

 WRITE STRS ITEMS TO THE DATABASE WITH A FREQUENCY OF ALL 
   FOR ALL APPLICABLE ENTITIES

 WRITE EPEL ITEMS TO THE DATABASE WITH A FREQUENCY OF ALL 
   FOR ALL APPLICABLE ENTITIES

 WRITE EPPL ITEMS TO THE DATABASE WITH A FREQUENCY OF ALL 
   FOR ALL APPLICABLE ENTITIES

 WRITE CONT ITEMS TO THE DATABASE WITH A FREQUENCY OF ALL 
   FOR ALL APPLICABLE ENTITIES

 *GET  ANSINTER_  FROM  ACTI  ITEM=INT        VALUE=  0.00000000    

 *IF  ANSINTER_  ( =   0.00000     )  NE  
      0  ( =   0.00000     )  THEN    

 *ENDIF

 *** NOTE ***                            CP =       0.609   TIME= 19:01:35
 The automatic domain decomposition logic has selected the MESH domain   
 decomposition method with 4 processes per solution.                     

 *****  MAPDL SOLVE    COMMAND  *****

 *** WARNING ***                         CP =       0.609   TIME= 19:01:35
 Element shape checking is currently inactive.  Issue SHPP,ON or         
 SHPP,WARN to reactivate, if desired.                                    

 *** NOTE ***                            CP =       0.625   TIME= 19:01:35
 The model data was checked and warning messages were found.             
  Please review output or errors file (                                  
 C:\Users\Aditya\AppData\Local\Temp\WB_Aditya_20184_3\_ProjectScratch\Sc 
 cr18D5\file0.err ) for these warning messages.                          

 *** SELECTION OF ELEMENT TECHNOLOGIES FOR APPLICABLE ELEMENTS ***
      --- GIVE SUGGESTIONS AND RESET THE KEY OPTIONS ---

 ELEMENT TYPE         1 IS SOLID186. KEYOPT(2)=0 IS SUGGESTED AND HAS BEEN RESET.
  KEYOPT(1-12)=    0    0    0    0    0    0    0    0    0    0    0    0

 ELEMENT TYPE         2 IS SOLID186. KEYOPT(2)=0 IS SUGGESTED AND HAS BEEN RESET.
  KEYOPT(1-12)=    0    0    0    0    0    0    0    0    0    0    0    0

 ELEMENT TYPE         3 IS SOLID186. KEYOPT(2)=0 IS SUGGESTED AND HAS BEEN RESET.
  KEYOPT(1-12)=    0    0    0    0    0    0    0    0    0    0    0    0

 ELEMENT TYPE         4 IS SOLID186. KEYOPT(2)=0 IS SUGGESTED AND HAS BEEN RESET.
  KEYOPT(1-12)=    0    0    0    0    0    0    0    0    0    0    0    0



 *** MAPDL - ENGINEERING ANALYSIS SYSTEM  RELEASE 2024 R2          24.2     ***
 Ansys Mechanical Enterprise Academic Student      
 01055371  VERSION=WINDOWS x64   19:01:35  AUG 26, 2024 CP=      0.625

 wbnew--Static Structural (A5)                                                 



                       S O L U T I O N   O P T I O N S

   PROBLEM DIMENSIONALITY. . . . . . . . . . . . .3-D                  
   DEGREES OF FREEDOM. . . . . . UX   UY   UZ  
   ANALYSIS TYPE . . . . . . . . . . . . . . . . .STATIC (STEADY-STATE)
   OFFSET TEMPERATURE FROM ABSOLUTE ZERO . . . . .  273.15    
   EQUATION SOLVER OPTION. . . . . . . . . . . . .PCG                
      TOLERANCE. . . . . . . . . . . . . . . . . . 1.00000E-08
   NEWTON-RAPHSON OPTION . . . . . . . . . . . . .PROGRAM CHOSEN   
   GLOBALLY ASSEMBLED MATRIX . . . . . . . . . . .SYMMETRIC  

 *** NOTE ***                            CP =       0.641   TIME= 19:01:35
 This nonlinear analysis defaults to using the full Newton-Raphson       
 solution procedure.  This can be modified using the NROPT command.      

 *** NOTE ***                            CP =       0.641   TIME= 19:01:35
 The conditions for direct assembly have been met.  No .emat or .erot    
 files will be produced.                                                 

 TRIM CONTACT/TARGET SURFACE
 START TRIMMING SMALL/BONDED CONTACT PAIRS FOR DMP RUN.                  

    1449 CONTACT ELEMENTS &    1456 TARGET ELEMENTS ARE DELETED DUE TO TRIMMING LOGIC.
       3 CONTACT PAIRS ARE REMOVED. 

 CHECK INITIAL OPEN/CLOSED STATUS OF SELECTED CONTACT ELEMENTS
      AND LIST DETAILED CONTACT PAIR INFORMATION

 *** NOTE ***                            CP =       0.953   TIME= 19:01:36
 The maximum number of contact elements in any single contact pair is    
 42, which is smaller than the optimal domain size of 120 elements for   
 the given number of CPU domains (4).  Therefore, no contact pairs are   
 being split by the CNCH,DMP logic.                                      

 *** NOTE ***                            CP =       1.000   TIME= 19:01:36
 Deformable-deformable contact pair identified by real constant set 5    
 and contact element type 5 has been set up.                             
 Small sliding logic is assumed
 Contact algorithm: Augmented Lagrange method
 Contact detection at: Gauss integration point
 Contact stiffness factor FKN                  1.0000    
 The resulting initial contact stiffness      0.11308E+07
 Default penetration tolerance factor FTOLN   0.10000    
 The resulting penetration tolerance          0.22285    
 Frictionless contact pair is defined
 Update contact stiffness at each iteration
 Average contact surface length                2.8746    
 Average contact pair depth                    2.2285    
 Average target surface length                 2.9211    
 Default pinball region factor PINB            1.0000    
 *WARNING*: The default pinball radius may be too small to capture       
 contacting zone under small sliding assumption.  Redefine the pinball   
 radius if necessary.                                                    
 The resulting pinball region                  2.2285    
 Auto contact offset used to close gap        0.26771E-01
 Initial penetration is excluded.

 *** NOTE ***                            CP =       1.000   TIME= 19:01:36
 Min.  Initial gap 2.650620677E-02 was detected between contact element  
 3393 and target element 4324.                                           
 Contact is detected due to initial settings.                            
 ****************************************
  

 *** NOTE ***                            CP =       1.000   TIME= 19:01:36
 Deformable-deformable contact pair identified by real constant set 7    
 and contact element type 7 has been set up.                             
 Small sliding logic is assumed
 Contact algorithm: Augmented Lagrange method
 Contact detection at: Gauss integration point
 Contact stiffness factor FKN                  1.0000    
 The resulting initial contact stiffness      0.11308E+07
 Default penetration tolerance factor FTOLN   0.10000    
 The resulting penetration tolerance          0.22285    
 Frictionless contact pair is defined
 Update contact stiffness at each iteration
 Average contact surface length                2.8746    
 Average contact pair depth                    2.2285    
 Average target surface length                 2.9211    
 Default pinball region factor PINB            1.0000    
 *WARNING*: The default pinball radius may be too small to capture       
 contacting zone under small sliding assumption.  Redefine the pinball   
 radius if necessary.                                                    
 The resulting pinball region                  2.2285    
 Auto contact offset used to close gap        0.26771E-01
 Initial penetration is excluded.

 *** NOTE ***                            CP =       1.000   TIME= 19:01:36
 Min.  Initial gap 2.650617014E-02 was detected between contact element  
 4443 and target element 5431.                                           
 Contact is detected due to initial settings.                            
 ****************************************
  

 *** NOTE ***                            CP =       1.000   TIME= 19:01:36
 Deformable-deformable contact pair identified by real constant set 9    
 and contact element type 9 has been set up.                             
 Small sliding logic is assumed
 Contact algorithm: Augmented Lagrange method
 Contact detection at: Gauss integration point
 Contact stiffness factor FKN                  1.0000    
 The resulting initial contact stiffness      0.11829E+07
 Default penetration tolerance factor FTOLN   0.10000    
 The resulting penetration tolerance          0.21304    
 Frictionless contact pair is defined
 Update contact stiffness at each iteration
 Average contact surface length                2.8746    
 Average contact pair depth                    2.1304    
 Average target surface length                 2.9211    
 Default pinball region factor PINB            1.0000    
 *WARNING*: The default pinball radius may be too small to capture       
 contacting zone under small sliding assumption.  Redefine the pinball   
 radius if necessary.                                                    
 The resulting pinball region                  2.1304    
 Auto contact offset used to close gap        0.26771E-01
 Initial penetration is excluded.

 *** NOTE ***                            CP =       1.000   TIME= 19:01:36
 Min.  Initial gap 2.650616637E-02 was detected between contact element  
 5521 and target element 6453.                                           
 Contact is detected due to initial settings.                            
 ****************************************
  
  
  

  
  
     D I S T R I B U T E D   D O M A I N   D E C O M P O S E R
  
  ...Number of elements: 1827
  ...Number of nodes:    9205
  ...Decompose to 4 CPU domains
  ...Element load balance ratio =     1.030


                      L O A D   S T E P   O P T I O N S

   LOAD STEP NUMBER. . . . . . . . . . . . . . . .     1
   TIME AT END OF THE LOAD STEP. . . . . . . . . .  1.0000    
   AUTOMATIC TIME STEPPING . . . . . . . . . . . .    ON
      INITIAL NUMBER OF SUBSTEPS . . . . . . . . .    50
      MAXIMUM NUMBER OF SUBSTEPS . . . . . . . . .   100
      MINIMUM NUMBER OF SUBSTEPS . . . . . . . . .    10
   MAXIMUM NUMBER OF EQUILIBRIUM ITERATIONS. . . .    15
   STEP CHANGE BOUNDARY CONDITIONS . . . . . . . .    NO
   TERMINATE ANALYSIS IF NOT CONVERGED . . . . . .YES (EXIT)  
   CONVERGENCE CONTROLS. . . . . . . . . . . . . .USE DEFAULTS
   PRINT OUTPUT CONTROLS . . . . . . . . . . . . .NO PRINTOUT
   DATABASE OUTPUT CONTROLS
      ITEM     FREQUENCY   COMPONENT
       ALL       NONE               
      NSOL        ALL               
      RSOL        ALL               
      EANG        ALL               
      ETMP        ALL               
      VENG        ALL               
      STRS        ALL               
      EPEL        ALL               
      EPPL        ALL               
      CONT        ALL               


 SOLUTION MONITORING INFO IS WRITTEN TO FILE= file.mntr                                                                                                                                                                                                                                                           
 MAXIMUM NUMBER OF EQUILIBRIUM ITERATIONS HAS BEEN MODIFIED              
  TO BE, NEQIT = 25, BY SOLUTION CONTROL LOGIC.                          


 *** NOTE ***                            CP =       1.250   TIME= 19:01:36
 The PCG solver has automatically set the level of difficulty for this   
 model to 2.                                                             


                         ***********  PRECISE MASS SUMMARY  ***********

   TOTAL RIGID BODY MASS MATRIX ABOUT ORIGIN
               Translational mass               |   Coupled translational/rotational mass
        0.26207E-03    0.0000        0.0000     |     0.0000       0.26207E-02  -0.93260E-03
         0.0000       0.26207E-03    0.0000     |   -0.26207E-02    0.0000       0.26207E-01
         0.0000        0.0000       0.26207E-03 |    0.93260E-03  -0.26207E-01    0.0000    
     ------------------------------------------ | ------------------------------------------
                                                |         Rotational mass (inertia)
                                                |    0.47833E-01  -0.93260E-01  -0.26207    
                                                |   -0.93260E-01    3.6538      -0.93260E-02
                                                |   -0.26207      -0.93260E-02    3.6318    

   TOTAL MASS = 0.26207E-03
     The mass principal axes coincide with the global Cartesian axes

   CENTER OF MASS (X,Y,Z)=    100.00        3.5586        10.000    

   TOTAL INERTIA ABOUT CENTER OF MASS
        0.18308E-01   0.30746E-08  -0.17550E-09
        0.30746E-08    1.0069      -0.27155E-09
       -0.17550E-09  -0.27155E-09    1.0078    
     The inertia principal axes coincide with the global Cartesian axes


  *** MASS SUMMARY BY ELEMENT TYPE ***

  TYPE      MASS
     1  0.178840E-03
     2  0.277428E-04
     3  0.277428E-04
     4  0.277428E-04

 Range of element maximum matrix coefficients in global coordinates
 Maximum = 976263.792 at element 1156.                                   
 Minimum = 424764.582 at element 1254.                                   

   *** ELEMENT MATRIX FORMULATION TIMES
     TYPE    NUMBER   ENAME      TOTAL CP  AVE CP

        1       938  SOLID186      0.156   0.000167
        2       217  SOLID186      0.047   0.000216
        3       217  SOLID186      0.031   0.000144
        4       210  SOLID186      0.047   0.000223
        5        42  CONTA174      0.016   0.000372
        6        42  TARGE170      0.000   0.000000
        7        42  CONTA174      0.000   0.000000
        8        42  TARGE170      0.000   0.000000
        9        42  CONTA174      0.000   0.000000
       10        35  TARGE170      0.000   0.000000
 Time at end of element matrix formulation CP = 1.375.                   

 ALL CURRENT MAPDL DATA WRITTEN TO FILE NAME= file.rdb
  FOR POSSIBLE RESUME FROM THIS POINT
     FORCE CONVERGENCE VALUE  =  0.2957E+07  CRITERION=  0.1479E+05
 Iteration=    10 Ratio=  5.684984E-02 Limit=  1.000000E-08 Wall=     0.0
 Iteration=    30 Ratio=  5.482439E-04 Limit=  1.000000E-08 Wall=     0.1
 Iteration=    60 Ratio=  1.726629E-06 Limit=  1.000000E-08 Wall=     0.2

 DISTRIBUTED PCG SOLVER SOLUTION CONVERGED

 DISTRIBUTED PCG SOLVER SOLUTION STATISTICS

   NUMBER OF ITERATIONS=          86
   NUMBER OF EQUATIONS =       27615
   LEVEL OF CONVERGENCE=           1
   CALCULATED NORM     = 0.82213E-08
   SPECIFIED TOLERANCE = 0.10000E-07
   TOTAL CPU TIME (sec)=        0.27
   TOTAL WALL TIME(sec)=        0.36
   TOTAL MEMORY (GB)   =        0.02

     DISP CONVERGENCE VALUE   =  0.2010      CRITERION=  0.1005E-01
    EQUIL ITER   1 COMPLETED.  NEW TRIANG MATRIX.  MAX DOF INC=  0.2010    
     DISP CONVERGENCE VALUE   =  0.2010      CRITERION=  0.1005E-01
     LINE SEARCH PARAMETER =   1.000     SCALED MAX DOF INC =  0.2010    
     FORCE CONVERGENCE VALUE  =   2860.      CRITERION=   3.773    
    EQUIL ITER   2 COMPLETED.  NEW TRIANG MATRIX.  MAX DOF INC= -0.1849E-01
     DISP CONVERGENCE VALUE   =  0.1849E-01  CRITERION=  0.1005E-01
     LINE SEARCH PARAMETER =   1.000     SCALED MAX DOF INC = -0.1849E-01
     FORCE CONVERGENCE VALUE  =   28.68      CRITERION=   1.299    
    EQUIL ITER   3 COMPLETED.  NEW TRIANG MATRIX.  MAX DOF INC=  0.7842E-04
     DISP CONVERGENCE VALUE   =  0.7842E-04  CRITERION=  0.1005E-01 <<< CONVERGED
     LINE SEARCH PARAMETER =   1.000     SCALED MAX DOF INC =  0.7842E-04
     FORCE CONVERGENCE VALUE  =   6.918      CRITERION=   1.294    
    EQUIL ITER   4 COMPLETED.  NEW TRIANG MATRIX.  MAX DOF INC=  0.2731E-04
     DISP CONVERGENCE VALUE   =  0.2731E-04  CRITERION=  0.1006E-01 <<< CONVERGED
     LINE SEARCH PARAMETER =   1.000     SCALED MAX DOF INC =  0.2731E-04
     FORCE CONVERGENCE VALUE  =  0.5961E-07  CRITERION=   1.293     <<< CONVERGED
    >>> SOLUTION CONVERGED AFTER EQUILIBRIUM ITERATION   4

   *** ELEMENT RESULT CALCULATION TIMES
     TYPE    NUMBER   ENAME      TOTAL CP  AVE CP

        1       938  SOLID186      0.078   0.000083
        2       217  SOLID186      0.031   0.000144
        3       217  SOLID186      0.016   0.000072
        4       210  SOLID186      0.016   0.000074
        5        42  CONTA174      0.000   0.000000
        7        42  CONTA174      0.000   0.000000
        9        42  CONTA174      0.000   0.000000

   *** NODAL LOAD CALCULATION TIMES
     TYPE    NUMBER   ENAME      TOTAL CP  AVE CP

        1       938  SOLID186      0.016   0.000017
        2       217  SOLID186      0.000   0.000000
        3       217  SOLID186      0.000   0.000000
        4       210  SOLID186      0.000   0.000000
        5        42  CONTA174      0.000   0.000000
        7        42  CONTA174      0.000   0.000000
        9        42  CONTA174      0.000   0.000000
 *** LOAD STEP     1   SUBSTEP     1  COMPLETED.    CUM ITER =      4
 *** TIME =  0.200000E-01     TIME INC =  0.200000E-01
 *** AUTO STEP TIME:  NEXT TIME INC = 0.20000E-01  UNCHANGED

     FORCE CONVERGENCE VALUE  =  0.1192E-06  CRITERION=   2.586    
     DISP CONVERGENCE VALUE   =  0.2070E-12  CRITERION=  0.1006E-01 <<< CONVERGED
    EQUIL ITER   1 COMPLETED.  NEW TRIANG MATRIX.  MAX DOF INC=  0.2070E-12
     DISP CONVERGENCE VALUE   =  0.2070E-12  CRITERION=  0.1006E-01 <<< CONVERGED
     LINE SEARCH PARAMETER =   1.000     SCALED MAX DOF INC =  0.2070E-12
     FORCE CONVERGENCE VALUE  =  0.3933E-08  CRITERION=   2.586     <<< CONVERGED
    >>> SOLUTION CONVERGED AFTER EQUILIBRIUM ITERATION   1
 *** LOAD STEP     1   SUBSTEP     2  COMPLETED.    CUM ITER =      5
 *** TIME =  0.400000E-01     TIME INC =  0.200000E-01
 *** AUTO TIME STEP:  NEXT TIME INC = 0.30000E-01  INCREASED (FACTOR = 1.5000)

     FORCE CONVERGENCE VALUE  =  0.8987E-07  CRITERION=   4.526    
     DISP CONVERGENCE VALUE   =  0.1555E-12  CRITERION=  0.1508E-01 <<< CONVERGED
    EQUIL ITER   1 COMPLETED.  NEW TRIANG MATRIX.  MAX DOF INC= -0.1555E-12
     DISP CONVERGENCE VALUE   =  0.1555E-12  CRITERION=  0.1508E-01 <<< CONVERGED
     LINE SEARCH PARAMETER =   1.000     SCALED MAX DOF INC = -0.1555E-12
     FORCE CONVERGENCE VALUE  =  0.6929E-08  CRITERION=   4.526     <<< CONVERGED
    >>> SOLUTION CONVERGED AFTER EQUILIBRIUM ITERATION   1
 *** LOAD STEP     1   SUBSTEP     3  COMPLETED.    CUM ITER =      6
 *** TIME =  0.700000E-01     TIME INC =  0.300000E-01
 *** AUTO TIME STEP:  NEXT TIME INC = 0.45000E-01  INCREASED (FACTOR = 1.5000)

     FORCE CONVERGENCE VALUE  =  0.1749E-07  CRITERION=   7.436    
     DISP CONVERGENCE VALUE   =  0.4498E-14  CRITERION=  0.2262E-01 <<< CONVERGED
    EQUIL ITER   1 COMPLETED.  NEW TRIANG MATRIX.  MAX DOF INC=  0.4498E-14
     DISP CONVERGENCE VALUE   =  0.4498E-14  CRITERION=  0.2262E-01 <<< CONVERGED
     LINE SEARCH PARAMETER =   1.000     SCALED MAX DOF INC =  0.4498E-14
     FORCE CONVERGENCE VALUE  =  0.1042E-07  CRITERION=   7.436     <<< CONVERGED
    >>> SOLUTION CONVERGED AFTER EQUILIBRIUM ITERATION   1
 *** LOAD STEP     1   SUBSTEP     4  COMPLETED.    CUM ITER =      7
 *** TIME =  0.115000         TIME INC =  0.450000E-01
 *** AUTO TIME STEP:  NEXT TIME INC = 0.67500E-01  INCREASED (FACTOR = 1.5000)

     FORCE CONVERGENCE VALUE  =  0.2755E-07  CRITERION=   11.80    
     DISP CONVERGENCE VALUE   =  0.7229E-14  CRITERION=  0.3394E-01 <<< CONVERGED
    EQUIL ITER   1 COMPLETED.  NEW TRIANG MATRIX.  MAX DOF INC= -0.7229E-14
     DISP CONVERGENCE VALUE   =  0.7229E-14  CRITERION=  0.3394E-01 <<< CONVERGED
     LINE SEARCH PARAMETER =   1.000     SCALED MAX DOF INC = -0.7229E-14
     FORCE CONVERGENCE VALUE  =  0.1631E-07  CRITERION=   11.80     <<< CONVERGED
    >>> SOLUTION CONVERGED AFTER EQUILIBRIUM ITERATION   1
 *** LOAD STEP     1   SUBSTEP     5  COMPLETED.    CUM ITER =      8
 *** TIME =  0.182500         TIME INC =  0.675000E-01
 *** AUTO TIME STEP:  NEXT TIME INC = 0.10000      INCREASED (FACTOR = 1.4815)

     FORCE CONVERGENCE VALUE  =  0.4132E-07  CRITERION=   18.27    
     DISP CONVERGENCE VALUE   =  0.8094E-14  CRITERION=  0.5028E-01 <<< CONVERGED
    EQUIL ITER   1 COMPLETED.  NEW TRIANG MATRIX.  MAX DOF INC=  0.8094E-14
     DISP CONVERGENCE VALUE   =  0.8094E-14  CRITERION=  0.5028E-01 <<< CONVERGED
     LINE SEARCH PARAMETER =   1.000     SCALED MAX DOF INC =  0.8094E-14
     FORCE CONVERGENCE VALUE  =  0.2575E-07  CRITERION=   18.27     <<< CONVERGED
    >>> SOLUTION CONVERGED AFTER EQUILIBRIUM ITERATION   1
 *** LOAD STEP     1   SUBSTEP     6  COMPLETED.    CUM ITER =      9
 *** TIME =  0.282500         TIME INC =  0.100000    
 *** AUTO STEP TIME:  NEXT TIME INC = 0.10000      UNCHANGED

     FORCE CONVERGENCE VALUE  =  0.4998E-07  CRITERION=   24.73    
     DISP CONVERGENCE VALUE   =  0.8288E-14  CRITERION=  0.5028E-01 <<< CONVERGED
    EQUIL ITER   1 COMPLETED.  NEW TRIANG MATRIX.  MAX DOF INC= -0.8288E-14
     DISP CONVERGENCE VALUE   =  0.8288E-14  CRITERION=  0.5028E-01 <<< CONVERGED
     LINE SEARCH PARAMETER =   1.000     SCALED MAX DOF INC = -0.8288E-14
     FORCE CONVERGENCE VALUE  =  0.3270E-07  CRITERION=   24.73     <<< CONVERGED
    >>> SOLUTION CONVERGED AFTER EQUILIBRIUM ITERATION   1
 *** LOAD STEP     1   SUBSTEP     7  COMPLETED.    CUM ITER =     10
 *** TIME =  0.382500         TIME INC =  0.100000    
 *** AUTO STEP TIME:  NEXT TIME INC = 0.10000      UNCHANGED

     FORCE CONVERGENCE VALUE  =  0.6903E-07  CRITERION=   31.20    
     DISP CONVERGENCE VALUE   =  0.1060E-13  CRITERION=  0.5028E-01 <<< CONVERGED
    EQUIL ITER   1 COMPLETED.  NEW TRIANG MATRIX.  MAX DOF INC=  0.1060E-13
     DISP CONVERGENCE VALUE   =  0.1060E-13  CRITERION=  0.5028E-01 <<< CONVERGED
     LINE SEARCH PARAMETER =   1.000     SCALED MAX DOF INC =  0.1060E-13
     FORCE CONVERGENCE VALUE  =  0.4446E-07  CRITERION=   31.20     <<< CONVERGED
    >>> SOLUTION CONVERGED AFTER EQUILIBRIUM ITERATION   1
 *** LOAD STEP     1   SUBSTEP     8  COMPLETED.    CUM ITER =     11
 *** TIME =  0.482500         TIME INC =  0.100000    
 *** AUTO STEP TIME:  NEXT TIME INC = 0.10000      UNCHANGED

     FORCE CONVERGENCE VALUE  =  0.8705E-07  CRITERION=   37.66    
     DISP CONVERGENCE VALUE   =  0.1087E-13  CRITERION=  0.5028E-01 <<< CONVERGED
    EQUIL ITER   1 COMPLETED.  NEW TRIANG MATRIX.  MAX DOF INC= -0.1087E-13
     DISP CONVERGENCE VALUE   =  0.1087E-13  CRITERION=  0.5028E-01 <<< CONVERGED
     LINE SEARCH PARAMETER =   1.000     SCALED MAX DOF INC = -0.1087E-13
     FORCE CONVERGENCE VALUE  =  0.4906E-07  CRITERION=   37.66     <<< CONVERGED
    >>> SOLUTION CONVERGED AFTER EQUILIBRIUM ITERATION   1
 *** LOAD STEP     1   SUBSTEP     9  COMPLETED.    CUM ITER =     12
 *** TIME =  0.582500         TIME INC =  0.100000    
 *** AUTO STEP TIME:  NEXT TIME INC = 0.10000      UNCHANGED

     FORCE CONVERGENCE VALUE  =  0.1007E-06  CRITERION=   44.13    
     DISP CONVERGENCE VALUE   =  0.1386E-13  CRITERION=  0.5028E-01 <<< CONVERGED
    EQUIL ITER   1 COMPLETED.  NEW TRIANG MATRIX.  MAX DOF INC=  0.1386E-13
     DISP CONVERGENCE VALUE   =  0.1386E-13  CRITERION=  0.5028E-01 <<< CONVERGED
     LINE SEARCH PARAMETER =   1.000     SCALED MAX DOF INC =  0.1386E-13
     FORCE CONVERGENCE VALUE  =  0.5862E-07  CRITERION=   44.13     <<< CONVERGED
    >>> SOLUTION CONVERGED AFTER EQUILIBRIUM ITERATION   1
 *** LOAD STEP     1   SUBSTEP    10  COMPLETED.    CUM ITER =     13
 *** TIME =  0.682500         TIME INC =  0.100000    
 *** AUTO STEP TIME:  NEXT TIME INC = 0.10000      UNCHANGED

     FORCE CONVERGENCE VALUE  =  0.1153E-06  CRITERION=   50.60    
     DISP CONVERGENCE VALUE   =  0.1761E-13  CRITERION=  0.5028E-01 <<< CONVERGED
    EQUIL ITER   1 COMPLETED.  NEW TRIANG MATRIX.  MAX DOF INC=  0.1761E-13
     DISP CONVERGENCE VALUE   =  0.1761E-13  CRITERION=  0.5028E-01 <<< CONVERGED
     LINE SEARCH PARAMETER =   1.000     SCALED MAX DOF INC =  0.1761E-13
     FORCE CONVERGENCE VALUE  =  0.6537E-07  CRITERION=   50.60     <<< CONVERGED
    >>> SOLUTION CONVERGED AFTER EQUILIBRIUM ITERATION   1
 *** LOAD STEP     1   SUBSTEP    11  COMPLETED.    CUM ITER =     14
 *** TIME =  0.782500         TIME INC =  0.100000    
 *** AUTO STEP TIME:  NEXT TIME INC = 0.10000      UNCHANGED

     FORCE CONVERGENCE VALUE  =  0.1360E-06  CRITERION=   57.06    
     DISP CONVERGENCE VALUE   =  0.2251E-13  CRITERION=  0.5028E-01 <<< CONVERGED
    EQUIL ITER   1 COMPLETED.  NEW TRIANG MATRIX.  MAX DOF INC=  0.2251E-13
     DISP CONVERGENCE VALUE   =  0.2251E-13  CRITERION=  0.5028E-01 <<< CONVERGED
     LINE SEARCH PARAMETER =   1.000     SCALED MAX DOF INC =  0.2251E-13
     FORCE CONVERGENCE VALUE  =  0.8031E-07  CRITERION=   57.06     <<< CONVERGED
    >>> SOLUTION CONVERGED AFTER EQUILIBRIUM ITERATION   1
 *** LOAD STEP     1   SUBSTEP    12  COMPLETED.    CUM ITER =     15
 *** TIME =  0.882500         TIME INC =  0.100000    
 *** AUTO TIME STEP:  NEXT TIME INC = 0.58750E-01  DECREASED (FACTOR = 0.5875)

     FORCE CONVERGENCE VALUE  =  0.1268E-06  CRITERION=   60.86    
     DISP CONVERGENCE VALUE   =  0.1472E-13  CRITERION=  0.5028E-01 <<< CONVERGED
    EQUIL ITER   1 COMPLETED.  NEW TRIANG MATRIX.  MAX DOF INC= -0.1472E-13
     DISP CONVERGENCE VALUE   =  0.1472E-13  CRITERION=  0.5028E-01 <<< CONVERGED
     LINE SEARCH PARAMETER =   1.000     SCALED MAX DOF INC = -0.1472E-13
     FORCE CONVERGENCE VALUE  =  0.8349E-07  CRITERION=   60.86     <<< CONVERGED
    >>> SOLUTION CONVERGED AFTER EQUILIBRIUM ITERATION   1
 *** LOAD STEP     1   SUBSTEP    13  COMPLETED.    CUM ITER =     16
 *** TIME =  0.941250         TIME INC =  0.587500E-01
 *** AUTO STEP TIME:  NEXT TIME INC = 0.58750E-01  UNCHANGED

     FORCE CONVERGENCE VALUE  =  0.1661E-06  CRITERION=   64.66    
     DISP CONVERGENCE VALUE   =  0.1905E-13  CRITERION=  0.5028E-01 <<< CONVERGED
    EQUIL ITER   1 COMPLETED.  NEW TRIANG MATRIX.  MAX DOF INC= -0.1905E-13
     DISP CONVERGENCE VALUE   =  0.1905E-13  CRITERION=  0.5028E-01 <<< CONVERGED
     LINE SEARCH PARAMETER =   1.000     SCALED MAX DOF INC = -0.1905E-13
     FORCE CONVERGENCE VALUE  =  0.8877E-07  CRITERION=   64.66     <<< CONVERGED
    >>> SOLUTION CONVERGED AFTER EQUILIBRIUM ITERATION   1
 *** LOAD STEP     1   SUBSTEP    14  COMPLETED.    CUM ITER =     17
 *** TIME =   1.00000         TIME INC =  0.587500E-01


 *** MAPDL BINARY FILE STATISTICS
  BUFFER SIZE USED= 16384
        2.625 MB WRITTEN ON ELEMENT SAVED DATA FILE: file0.esav
        4.750 MB WRITTEN ON RESULTS FILE: file0.rst
 *************** Write FE CONNECTORS *********

 WRITE OUT CONSTRAINT EQUATIONS TO FILE= file.ce                                                                                                                                                                                                                                                             
 ****************************************************
 *************** FINISHED SOLVE FOR LS 1 *************
 ****************************************************
 ******************* SOLVE FOR LS 2 OF 2 ****************
 *** Set Displacements ***

 PRINTOUT RESUMED BY /GOP

 USE AUTOMATIC TIME STEPPING THIS LOAD STEP

 USE       1 SUBSTEPS INITIALLY THIS LOAD STEP FOR ALL  DEGREES OF FREEDOM
 FOR AUTOMATIC TIME STEPPING:
   USE     10 SUBSTEPS AS A MAXIMUM
   USE      1 SUBSTEPS AS A MINIMUM

 TIME=  2.0000    

 ERASE THE CURRENT DATABASE OUTPUT CONTROL TABLE.


 WRITE ALL  ITEMS TO THE DATABASE WITH A FREQUENCY OF NONE
   FOR ALL APPLICABLE ENTITIES

 WRITE NSOL ITEMS TO THE DATABASE WITH A FREQUENCY OF ALL 
   FOR ALL APPLICABLE ENTITIES

 WRITE RSOL ITEMS TO THE DATABASE WITH A FREQUENCY OF ALL 
   FOR ALL APPLICABLE ENTITIES

 WRITE EANG ITEMS TO THE DATABASE WITH A FREQUENCY OF ALL 
   FOR ALL APPLICABLE ENTITIES

 WRITE ETMP ITEMS TO THE DATABASE WITH A FREQUENCY OF ALL 
   FOR ALL APPLICABLE ENTITIES

 WRITE VENG ITEMS TO THE DATABASE WITH A FREQUENCY OF ALL 
   FOR ALL APPLICABLE ENTITIES

 WRITE STRS ITEMS TO THE DATABASE WITH A FREQUENCY OF ALL 
   FOR ALL APPLICABLE ENTITIES

 WRITE EPEL ITEMS TO THE DATABASE WITH A FREQUENCY OF ALL 
   FOR ALL APPLICABLE ENTITIES

 WRITE EPPL ITEMS TO THE DATABASE WITH A FREQUENCY OF ALL 
   FOR ALL APPLICABLE ENTITIES

 WRITE CONT ITEMS TO THE DATABASE WITH A FREQUENCY OF ALL 
   FOR ALL APPLICABLE ENTITIES

 *****  MAPDL SOLVE    COMMAND  *****

 *** NOTE ***                            CP =      15.609   TIME= 19:01:52
 This nonlinear analysis defaults to using the full Newton-Raphson       
 solution procedure.  This can be modified using the NROPT command.      

 *** MAPDL - ENGINEERING ANALYSIS SYSTEM  RELEASE 2024 R2          24.2     ***
 Ansys Mechanical Enterprise Academic Student      
 01055371  VERSION=WINDOWS x64   19:01:52  AUG 26, 2024 CP=     15.641

 wbnew--Static Structural (A5)                                                 



                      L O A D   S T E P   O P T I O N S

   LOAD STEP NUMBER. . . . . . . . . . . . . . . .     2
   TIME AT END OF THE LOAD STEP. . . . . . . . . .  2.0000    
   AUTOMATIC TIME STEPPING . . . . . . . . . . . .    ON
      INITIAL NUMBER OF SUBSTEPS . . . . . . . . .     1
      MAXIMUM NUMBER OF SUBSTEPS . . . . . . . . .    10
      MINIMUM NUMBER OF SUBSTEPS . . . . . . . . .     1
   MAXIMUM NUMBER OF EQUILIBRIUM ITERATIONS. . . .    15
   STEP CHANGE BOUNDARY CONDITIONS . . . . . . . .    NO
   TERMINATE ANALYSIS IF NOT CONVERGED . . . . . .YES (EXIT)  
   CONVERGENCE CONTROLS. . . . . . . . . . . . . .USE DEFAULTS
   PRINT OUTPUT CONTROLS . . . . . . . . . . . . .NO PRINTOUT
   DATABASE OUTPUT CONTROLS
      ITEM     FREQUENCY   COMPONENT
       ALL       NONE               
      NSOL        ALL               
      RSOL        ALL               
      EANG        ALL               
      ETMP        ALL               
      VENG        ALL               
      STRS        ALL               
      EPEL        ALL               
      EPPL        ALL               
      CONT        ALL               


 SOLUTION MONITORING INFO IS WRITTEN TO FILE= file.mntr                                                                                                                                                                                                                                                           
 MAXIMUM NUMBER OF EQUILIBRIUM ITERATIONS HAS BEEN MODIFIED              
  TO BE, NEQIT = 25, BY SOLUTION CONTROL LOGIC.                          

     FORCE CONVERGENCE VALUE  =  0.1479E+09  CRITERION=  0.7394E+06
     DISP CONVERGENCE VALUE   =   10.06      CRITERION=  0.5028    
    EQUIL ITER   1 COMPLETED.  NEW TRIANG MATRIX.  MAX DOF INC=  -10.06    
     DISP CONVERGENCE VALUE   =   10.06      CRITERION=  0.5028    
     LINE SEARCH PARAMETER =   1.000     SCALED MAX DOF INC =  -10.06    
     FORCE CONVERGENCE VALUE  =   1.252      CRITERION=  0.5815E-02
    EQUIL ITER   2 COMPLETED.  NEW TRIANG MATRIX.  MAX DOF INC= -0.7951E-06
     DISP CONVERGENCE VALUE   =  0.7951E-06  CRITERION=  0.5028E-01 <<< CONVERGED
     LINE SEARCH PARAMETER =   1.000     SCALED MAX DOF INC = -0.7951E-06
     FORCE CONVERGENCE VALUE  =  0.1106E-07  CRITERION=  0.5000E-04 <<< CONVERGED

 *** WARNING ***                         CP =      17.891   TIME= 19:01:54
 A reference force value times the tolerance is used by the              
 Newton-Raphson method for checking convergence.  The calculated         
 reference FORCE CONVERGENCE VALUE = 2.395346843E-09 is less than a      
 threshold.  This threshold is internally calculated.  You can           
 overwrite it by specifying MINREF on the CNVTOL command.  Check         
 results carefully.                                                      
    >>> SOLUTION CONVERGED AFTER EQUILIBRIUM ITERATION   2
 *** LOAD STEP     2   SUBSTEP     1  COMPLETED.    CUM ITER =     19
 *** TIME =   2.00000         TIME INC =   1.00000    
 ****************************************************
 *************** FINISHED SOLVE FOR LS 2 *************

 *GET  _WALLASOL  FROM  ACTI  ITEM=TIME WALL  VALUE=  19.0316667    

 PRINTOUT RESUMED BY /GOP

 *GET  _PCGITER  FROM  ACTI  ITEM=SOLU CGIT  VALUE=  95.0000000    

 FINISH SOLUTION PROCESSING


 ***** ROUTINE COMPLETED *****  CP =        18.250



 *** MAPDL - ENGINEERING ANALYSIS SYSTEM  RELEASE 2024 R2          24.2     ***
 Ansys Mechanical Enterprise Academic Student      
 01055371  VERSION=WINDOWS x64   19:01:55  AUG 26, 2024 CP=     18.281

 wbnew--Static Structural (A5)                                                 



          ***** MAPDL RESULTS INTERPRETATION (POST1) *****

 *** NOTE ***                            CP =      18.281   TIME= 19:01:55
 Reading results into the database (SET command) will update the current 
 displacement and force boundary conditions in the database with the     
 values from the results file for that load set.  Note that any          
 subsequent solutions will use these values unless action is taken to    
 either SAVE the current values or not overwrite them (/EXIT,NOSAVE).    

 Set Encoding of XML File to:ISO-8859-1

 Set Output of XML File to:
     PARM,     ,     ,     ,     ,     ,     ,     ,     ,     ,     ,     ,
         ,     ,     ,     ,     ,     ,     ,

 DATABASE WRITTEN ON FILE  parm.xml                                                                                                                                                                                                                                                            

 EXIT THE MAPDL POST1 DATABASE PROCESSOR


 ***** ROUTINE COMPLETED *****  CP =        18.281



 PRINTOUT RESUMED BY /GOP

 *GET  _WALLDONE  FROM  ACTI  ITEM=TIME WALL  VALUE=  19.0319444    

 PARAMETER _PREPTIME =     0.000000000    

 PARAMETER _SOLVTIME =     19.00000000    

 PARAMETER _POSTTIME =     1.000000000    

 PARAMETER _TOTALTIM =     20.00000000    

 *GET  _DLBRATIO  FROM  ACTI  ITEM=SOLU DLBR  VALUE=  1.03030303    

 *GET  _COMBTIME  FROM  ACTI  ITEM=SOLU COMB  VALUE= 0.194709500    

 *GET  _SSMODE   FROM  ACTI  ITEM=SOLU SSMM  VALUE=  0.00000000    

 *GET  _NDOFS    FROM  ACTI  ITEM=SOLU NDOF  VALUE=  22712.0000    

 *GET  _SOL_END_TIME  FROM  ACTI  ITEM=SET  TIME  VALUE=  2.00000000    

 *IF  _sol_end_time  ( =   2.00000     )  EQ  
      2.000000  ( =   2.00000     )  THEN    

 /FCLEAN COMMAND REMOVING ALL LOCAL FILES

 *ENDIF
 --- Total number of nodes = 9205
 --- Total number of elements = 1827
 --- Element load balance ratio = 1.03030303
 --- Time to combine distributed files = 0.1947095
 --- Sparse memory mode = 0
 --- Number of DOF = 22712

 EXIT MAPDL WITHOUT SAVING DATABASE


 NUMBER OF WARNING MESSAGES ENCOUNTERED=          2
 NUMBER OF ERROR   MESSAGES ENCOUNTERED=          0

+--------------------- M A P D L   S T A T I S T I C S ------------------------+

Release: 2024 R2            Build: 24.2       Update: UP20240513   Platform: WINDOWS x64 
Date Run: 08/26/2024   Time: 19:01     Process ID: 2028
Operating System: Windows 11  (Build: 27686)

Processor Model: 12th Gen Intel(R) Core(TM) i7-12700H

Compiler: Intel(R) Fortran Compiler Classic Version 2021.9  (Build: 20230302)
          Intel(R) C/C++ Compiler Classic Version 2021.9  (Build: 20230302)
          Intel(R) oneAPI Math Kernel Library Version 2023.1-Product Build 20230303

Number of machines requested            :    1
Total number of cores available         :   20
Number of physical cores available      :   14
Number of processes requested           :    4
Number of threads per process requested :    1
Total number of cores requested         :    4 (Distributed Memory Parallel)               
MPI Type: INTELMPI
MPI Version: Intel(R) MPI Library 2021.11 for Windows* OS


GPU Acceleration: Not Requested

Job Name: file0
Input File: dummy.dat

  Core                Machine Name   Working Directory
 -----------------------------------------------------
     0             DESKTOP-UKQMJCH   C:\Users\Aditya\AppData\Local\Temp\WB_Aditya_20184_3\_ProjectScratch\Scr18D5
     1             DESKTOP-UKQMJCH   C:\Users\Aditya\AppData\Local\Temp\WB_Aditya_20184_3\_ProjectScratch\Scr18D5
     2             DESKTOP-UKQMJCH   C:\Users\Aditya\AppData\Local\Temp\WB_Aditya_20184_3\_ProjectScratch\Scr18D5
     3             DESKTOP-UKQMJCH   C:\Users\Aditya\AppData\Local\Temp\WB_Aditya_20184_3\_ProjectScratch\Scr18D5
 
Latency time from master to core     1 =    7.448 microseconds
Latency time from master to core     2 =    5.553 microseconds
Latency time from master to core     3 =    7.301 microseconds
 
Communication speed from master to core     1 =  3012.24 MB/sec
Communication speed from master to core     2 =  3441.72 MB/sec
Communication speed from master to core     3 =  3035.25 MB/sec

Total CPU time for main thread                    :       18.9 seconds
Total CPU time summed for all threads             :       18.6 seconds

Elapsed time spent obtaining a license            :        0.6 seconds
Elapsed time spent pre-processing model (/PREP7)  :        0.1 seconds
Elapsed time spent solution - preprocessing       :        0.5 seconds
Elapsed time spent computing solution             :       18.4 seconds
Elapsed time spent solution - postprocessing      :        0.2 seconds
Elapsed time spent post-processing model (/POST1) :        0.0 seconds
 
Equation solver used                              :            PCG (symmetric)
Equation solver computational rate                :        6.2 Gflops

Sum of disk space used on all processes           :       72.1 MB

Sum of memory used on all processes               :      247.0 MB
Sum of memory allocated on all processes          :     2880.0 MB
Physical memory available                         :         16 GB
Total amount of I/O written to disk               :        0.9 GB
Total amount of I/O read from disk                :        1.5 GB

+------------------ E N D   M A P D L   S T A T I S T I C S -------------------+


 *-----------------------------------------------------------------------------*
 |                                                                             |
 |                               RUN COMPLETED                                 |
 |                                                                             |
 |-----------------------------------------------------------------------------|
 |                                                                             |
 |  Ansys MAPDL 2024 R2         Build 24.2         UP20240513    WINDOWS x64   |
 |                                                                             |
 |-----------------------------------------------------------------------------|
 |                                                                             |
 |  Database Requested(-db)     1024 MB     Scratch Memory Requested   1024 MB |
 |  Max Database Used(Master)     10 MB     Max Scratch Used(Master)     67 MB |
 |  Max Database Used(Workers)     1 MB     Max Scratch Used(Workers)    57 MB |
 |  Sum Database Used(All)        13 MB     Sum Scratch Used(All)       234 MB |
 |                                                                             |
 |-----------------------------------------------------------------------------|
 |                                                                             |
 |        CP Time      (sec) =         18.609       Time  =  19:01:56          |
 |        Elapsed Time (sec) =         23.000       Date  =  08/26/2024        |
 |                                                                             |
 *-----------------------------------------------------------------------------*
